Using pre-set license
Built from '2020.2/release' branch; Version is '2020.2.2f1 (068178b99f32) revision 426360'; Using compiler version '192528614'; Build Type 'Release'
OS: 'Windows 10 Enterprise; OS build 18363.1854; Version 1909; 64bit' Language: 'en' Physical Memory: 32495 MB
BatchMode: 1, IsHumanControllingUs: 0, StartBugReporterOnCrash: 0, Is64bit: 1, IsPro: 0

 COMMAND LINE ARGUMENTS:
C:\Program Files\Unity\Hub\Editor\2020.2.2f1\Editor\Unity.exe
-adb2
-batchMode
-noUpm
-name
AssetImportWorker0
-projectPath
C:/Users/alarraza/Documents/GitHub/BOSS-BATTLE
-logFile
Logs/AssetImportWorker0.log
-srvPort
53845
Successfully changed project path to: C:/Users/alarraza/Documents/GitHub/BOSS-BATTLE
C:/Users/alarraza/Documents/GitHub/BOSS-BATTLE
Using Asset Import Pipeline V2.
Refreshing native plugins compatible for Editor in 32.94 ms, found 1 plugins.
Preloading 0 native plugins for Editor in 0.00 ms.
Initialize engine version: 2020.2.2f1 (068178b99f32)
[Subsystems] Discovering subsystems at path C:/Program Files/Unity/Hub/Editor/2020.2.2f1/Editor/Data/Resources/UnitySubsystems
[Subsystems] Discovering subsystems at path C:/Users/alarraza/Documents/GitHub/BOSS-BATTLE/Assets
GfxDevice: creating device client; threaded=0
Direct3D:
    Version:  Direct3D 11.0 [level 11.1]
    Renderer: NVIDIA GeForce RTX 2080 (ID=0x1e87)
    Vendor:   
    VRAM:     8010 MB
    Driver:   27.21.14.5671
Initialize mono
Mono path[0] = 'C:/Program Files/Unity/Hub/Editor/2020.2.2f1/Editor/Data/Managed'
Mono path[1] = 'C:/Program Files/Unity/Hub/Editor/2020.2.2f1/Editor/Data/MonoBleedingEdge/lib/mono/unityjit'
Mono config path = 'C:/Program Files/Unity/Hub/Editor/2020.2.2f1/Editor/Data/MonoBleedingEdge/etc'
Using monoOptions --debugger-agent=transport=dt_socket,embedding=1,server=y,suspend=n,address=127.0.0.1:56236
Begin MonoManager ReloadAssembly
Registering precompiled unity dll's ...
Register platform support module: C:/Program Files/Unity/Hub/Editor/2020.2.2f1/Editor/Data/PlaybackEngines/WebGLSupport/UnityEditor.WebGL.Extensions.dll
Register platform support module: C:/Program Files/Unity/Hub/Editor/2020.2.2f1/Editor/Data/PlaybackEngines/MacStandaloneSupport/UnityEditor.OSXStandalone.Extensions.dll
Register platform support module: C:/Program Files/Unity/Hub/Editor/2020.2.2f1/Editor/Data/PlaybackEngines/WindowsStandaloneSupport/UnityEditor.WindowsStandalone.Extensions.dll
Registered in 0.004413 seconds.
Native extension for WindowsStandalone target not found
Native extension for OSXStandalone target not found
Native extension for WebGL target not found
Refreshing native plugins compatible for Editor in 50.12 ms, found 1 plugins.
Preloading 0 native plugins for Editor in 0.00 ms.
Invoked RoslynAnalysisRunner static constructor.
RoslynAnalysisRunner will not be running.
RoslynAnalysisRunner has terminated.
Mono: successfully reloaded assembly
- Completed reload, in  1.871 seconds
Platform modules already initialized, skipping
Registering precompiled user dll's ...
Registered in 0.001906 seconds.
Begin MonoManager ReloadAssembly
Native extension for WindowsStandalone target not found
Native extension for OSXStandalone target not found
Native extension for WebGL target not found
Refreshing native plugins compatible for Editor in 32.50 ms, found 1 plugins.
Preloading 0 native plugins for Editor in 0.00 ms.
Invoked RoslynAnalysisRunner static constructor.
RoslynAnalysisRunner will not be running.
RoslynAnalysisRunner has terminated.
Mono: successfully reloaded assembly
- Completed reload, in  0.913 seconds
Platform modules already initialized, skipping
========================================================================
Worker process is ready to serve import requests
Launched and connected shader compiler UnityShaderCompiler.exe after 0.19 seconds
Refreshing native plugins compatible for Editor in 0.45 ms, found 1 plugins.
Preloading 0 native plugins for Editor in 0.00 ms.
Unloading 1796 Unused Serialized files (Serialized files now loaded: 0)
System memory in use before: 84.3 MB.
System memory in use after: 84.4 MB.

Unloading 19 unused Assets to reduce memory usage. Loaded Objects now: 2243.
Total: 4.706100 ms (FindLiveObjects: 0.389200 ms CreateObjectMapping: 0.172000 ms MarkObjects: 3.983600 ms  DeleteObjects: 0.159200 ms)

========================================================================
Received Import Request.
  path: Assets/Scenes
  artifactKey: Guid(14bec18469c9be74987ab44154cd2d6b) Importer(815301076,1909f56bfc062723c751e8b465ee728b)
Start importing Assets/Scenes using Guid(14bec18469c9be74987ab44154cd2d6b) Importer(815301076,1909f56bfc062723c751e8b465ee728b)  -> (artifact id: '5e1c4b5c8438955773658136f2ed1baf') in 0.014955 seconds
  Import took 0.021886 seconds .

========================================================================
Received Import Request.
  Time since last request: 0.000507 seconds.
  path: Assets/Materials/Obstacle.mat
  artifactKey: Guid(1730df687eda783469da9f6a43d97768) Importer(815301076,1909f56bfc062723c751e8b465ee728b)
Start importing Assets/Materials/Obstacle.mat using Guid(1730df687eda783469da9f6a43d97768) Importer(815301076,1909f56bfc062723c751e8b465ee728b)  -> (artifact id: '172f689001fd2bfaaa3af291f678d186') in 0.225917 seconds
  Import took 0.232490 seconds .

========================================================================
Received Import Request.
  Time since last request: 0.000420 seconds.
  path: Assets/Materials/PlayerMaterial.mat
  artifactKey: Guid(88906a39cc5da5b44aa18ece565022aa) Importer(815301076,1909f56bfc062723c751e8b465ee728b)
Start importing Assets/Materials/PlayerMaterial.mat using Guid(88906a39cc5da5b44aa18ece565022aa) Importer(815301076,1909f56bfc062723c751e8b465ee728b)  -> (artifact id: 'b224cd1732988a458a1414563c4883b5') in 0.022574 seconds
  Import took 0.028714 seconds .

========================================================================
Received Prepare
Refreshing native plugins compatible for Editor in 4.24 ms, found 1 plugins.
Preloading 0 native plugins for Editor in 0.00 ms.
Unloading 5 Unused Serialized files (Serialized files now loaded: 0)
System memory in use before: 52.0 MB.
System memory in use after: 52.1 MB.

Unloading 5 unused Assets to reduce memory usage. Loaded Objects now: 2283.
Total: 3.117000 ms (FindLiveObjects: 0.485300 ms CreateObjectMapping: 0.128700 ms MarkObjects: 2.487700 ms  DeleteObjects: 0.014100 ms)

========================================================================
Received Import Request.
  Time since last request: 5.951194 seconds.
  path: Assets/Scenes/MainMenu.unity
  artifactKey: Guid(2785311013456534ab4de12dca69d638) Importer(815301076,1909f56bfc062723c751e8b465ee728b)
Start importing Assets/Scenes/MainMenu.unity using Guid(2785311013456534ab4de12dca69d638) Importer(815301076,1909f56bfc062723c751e8b465ee728b)  -> (artifact id: '415eaff17cbea8a96a9158f2b502bb4c') in 0.007940 seconds
  Import took 0.012984 seconds .

========================================================================
Received Import Request.
  Time since last request: 24.277414 seconds.
  path: Assets/Scenes/Arena.unity
  artifactKey: Guid(2cda990e2423bbf4892e6590ba056729) Importer(815301076,1909f56bfc062723c751e8b465ee728b)
Start importing Assets/Scenes/Arena.unity using Guid(2cda990e2423bbf4892e6590ba056729) Importer(815301076,1909f56bfc062723c751e8b465ee728b)  -> (artifact id: '8b3ba823e96cd88b47edaecd5f9ea920') in 0.005295 seconds
  Import took 0.009627 seconds .

========================================================================
Received Prepare
Registering precompiled user dll's ...
Registered in 0.001771 seconds.
Begin MonoManager ReloadAssembly
Native extension for WindowsStandalone target not found
Native extension for OSXStandalone target not found
Native extension for WebGL target not found
Refreshing native plugins compatible for Editor in 0.41 ms, found 1 plugins.
Preloading 0 native plugins for Editor in 0.00 ms.
Invoked RoslynAnalysisRunner static constructor.
RoslynAnalysisRunner will not be running.
RoslynAnalysisRunner has terminated.
Mono: successfully reloaded assembly
- Completed reload, in  0.859 seconds
Platform modules already initialized, skipping
Refreshing native plugins compatible for Editor in 0.74 ms, found 1 plugins.
Preloading 0 native plugins for Editor in 0.00 ms.
Unloading 1833 Unused Serialized files (Serialized files now loaded: 0)
System memory in use before: 90.0 MB.
System memory in use after: 89.5 MB.

Unloading 20 unused Assets to reduce memory usage. Loaded Objects now: 2320.
Total: 4.453000 ms (FindLiveObjects: 0.239700 ms CreateObjectMapping: 0.040700 ms MarkObjects: 3.808800 ms  DeleteObjects: 0.362600 ms)

========================================================================
Received Prepare
Registering precompiled user dll's ...
Registered in 0.002076 seconds.
Begin MonoManager ReloadAssembly
Native extension for WindowsStandalone target not found
Native extension for OSXStandalone target not found
Native extension for WebGL target not found
Refreshing native plugins compatible for Editor in 0.45 ms, found 1 plugins.
Preloading 0 native plugins for Editor in 0.00 ms.
Invoked RoslynAnalysisRunner static constructor.
RoslynAnalysisRunner will not be running.
RoslynAnalysisRunner has terminated.
Mono: successfully reloaded assembly
- Completed reload, in  0.853 seconds
Platform modules already initialized, skipping
Refreshing native plugins compatible for Editor in 0.67 ms, found 1 plugins.
Preloading 0 native plugins for Editor in 0.00 ms.
Unloading 1833 Unused Serialized files (Serialized files now loaded: 0)
System memory in use before: 90.1 MB.
System memory in use after: 89.6 MB.

Unloading 20 unused Assets to reduce memory usage. Loaded Objects now: 2323.
Total: 2.879400 ms (FindLiveObjects: 0.420900 ms CreateObjectMapping: 0.082400 ms MarkObjects: 2.024500 ms  DeleteObjects: 0.350200 ms)

========================================================================
Received Import Request.
  Time since last request: 946.095757 seconds.
  path: Assets
  artifactKey: Guid(00000000000000001000000000000000) Importer(815301076,1909f56bfc062723c751e8b465ee728b)
Start importing Assets using Guid(00000000000000001000000000000000) Importer(815301076,1909f56bfc062723c751e8b465ee728b)  -> (artifact id: '4a6e520b92ccfc61bcfa21a7bcab8468') in 0.018576 seconds
  Import took 0.028741 seconds .

========================================================================
Received Import Request.
  Time since last request: 10.940069 seconds.
  path: Assets/Prefabs
  artifactKey: Guid(6588eff45beff1e4598e65d43260e4ab) Importer(815301076,1909f56bfc062723c751e8b465ee728b)
Start importing Assets/Prefabs using Guid(6588eff45beff1e4598e65d43260e4ab) Importer(815301076,1909f56bfc062723c751e8b465ee728b)  -> (artifact id: 'd326957739b0c7bbba538a21e4c7014d') in 0.006307 seconds
  Import took 0.009996 seconds .

========================================================================
Received Import Request.
  Time since last request: 36.731904 seconds.
  path: Assets/Materials
  artifactKey: Guid(7ff90d1127416404286582936dfa34db) Importer(815301076,1909f56bfc062723c751e8b465ee728b)
Start importing Assets/Materials using Guid(7ff90d1127416404286582936dfa34db) Importer(815301076,1909f56bfc062723c751e8b465ee728b)  -> (artifact id: '8d665a89ce8acf30e7bd6c74dea7c574') in 0.010252 seconds
  Import took 0.018960 seconds .

========================================================================
Received Import Request.
  Time since last request: 6.025261 seconds.
  path: Assets/Materials/Bullet.mat
  artifactKey: Guid(e86fd5e9eb9183740883927a3f10a461) Importer(815301076,1909f56bfc062723c751e8b465ee728b)
Start importing Assets/Materials/Bullet.mat using Guid(e86fd5e9eb9183740883927a3f10a461) Importer(815301076,1909f56bfc062723c751e8b465ee728b)  -> (artifact id: '4bac006ef13b9db997a7cb9506db1cc2') in 0.082450 seconds
  Import took 0.085987 seconds .

========================================================================
Received Import Request.
  Time since last request: 93.912783 seconds.
  path: Assets/Prefabs/Bullet.prefab
  artifactKey: Guid(6eec6183cb9eb3d498a0cec01c66d614) Importer(815301076,1909f56bfc062723c751e8b465ee728b)
Start importing Assets/Prefabs/Bullet.prefab using Guid(6eec6183cb9eb3d498a0cec01c66d614) Importer(815301076,1909f56bfc062723c751e8b465ee728b)  -> (artifact id: 'f397f93a69f99095071027a5d703c111') in 0.039722 seconds
  Import took 0.043294 seconds .

========================================================================
Received Import Request.
  Time since last request: 0.008598 seconds.
  path: Assets/Prefabs/Bullet.prefab
  artifactKey: Guid(6eec6183cb9eb3d498a0cec01c66d614) Importer(815301076,1909f56bfc062723c751e8b465ee728b)
Start importing Assets/Prefabs/Bullet.prefab using Guid(6eec6183cb9eb3d498a0cec01c66d614) Importer(815301076,1909f56bfc062723c751e8b465ee728b)  -> (artifact id: 'f397f93a69f99095071027a5d703c111') in 0.019101 seconds
  Import took 0.022340 seconds .

========================================================================
Received Import Request.
  Time since last request: 611.409281 seconds.
  path: Assets/Scripts
  artifactKey: Guid(ee355b26d0e14874ca6a08ffa9ac132f) Importer(815301076,1909f56bfc062723c751e8b465ee728b)
Start importing Assets/Scripts using Guid(ee355b26d0e14874ca6a08ffa9ac132f) Importer(815301076,1909f56bfc062723c751e8b465ee728b)  -> (artifact id: 'f199c86b382c04f415d6fc53c179a380') in 0.005174 seconds
  Import took 0.010261 seconds .

========================================================================
Received Import Request.
  Time since last request: 782.138781 seconds.
  path: Assets/Scripts/Player.cs
  artifactKey: Guid(0d41b16250885a2479e16b66a2e27a63) Importer(815301076,1909f56bfc062723c751e8b465ee728b)
Start importing Assets/Scripts/Player.cs using Guid(0d41b16250885a2479e16b66a2e27a63) Importer(815301076,1909f56bfc062723c751e8b465ee728b)  -> (artifact id: '10383dfdaac60485d04ab0fb0175b5e7') in 0.009407 seconds
  Import took 0.013957 seconds .

========================================================================
Received Import Request.
  Time since last request: 32.052526 seconds.
  path: Assets/Scripts/Shooting.cs
  artifactKey: Guid(ede91885ec7b6b14f8600162c0d94623) Importer(815301076,1909f56bfc062723c751e8b465ee728b)
Start importing Assets/Scripts/Shooting.cs using Guid(ede91885ec7b6b14f8600162c0d94623) Importer(815301076,1909f56bfc062723c751e8b465ee728b)  -> (artifact id: 'bb1c10f3fec8356524f0a79fb0584906') in 0.003302 seconds
  Import took 0.006438 seconds .

========================================================================
Received Prepare
Registering precompiled user dll's ...
Registered in 0.001765 seconds.
Begin MonoManager ReloadAssembly
Native extension for WindowsStandalone target not found
Native extension for OSXStandalone target not found
Native extension for WebGL target not found
Refreshing native plugins compatible for Editor in 0.44 ms, found 1 plugins.
Preloading 0 native plugins for Editor in 0.00 ms.
Invoked RoslynAnalysisRunner static constructor.
RoslynAnalysisRunner will not be running.
RoslynAnalysisRunner has terminated.
Mono: successfully reloaded assembly
- Completed reload, in  0.822 seconds
Platform modules already initialized, skipping
Refreshing native plugins compatible for Editor in 1.00 ms, found 1 plugins.
Preloading 0 native plugins for Editor in 0.00 ms.
Unloading 1834 Unused Serialized files (Serialized files now loaded: 0)
System memory in use before: 90.3 MB.
System memory in use after: 89.8 MB.

Unloading 20 unused Assets to reduce memory usage. Loaded Objects now: 2328.
Total: 4.238600 ms (FindLiveObjects: 0.379000 ms CreateObjectMapping: 0.107000 ms MarkObjects: 3.161000 ms  DeleteObjects: 0.589900 ms)

========================================================================
Received Prepare
Registering precompiled user dll's ...
Registered in 0.001791 seconds.
Begin MonoManager ReloadAssembly
Native extension for WindowsStandalone target not found
Native extension for OSXStandalone target not found
Native extension for WebGL target not found
Refreshing native plugins compatible for Editor in 0.42 ms, found 1 plugins.
Preloading 0 native plugins for Editor in 0.00 ms.
Invoked RoslynAnalysisRunner static constructor.
RoslynAnalysisRunner will not be running.
RoslynAnalysisRunner has terminated.
Mono: successfully reloaded assembly
- Completed reload, in  0.821 seconds
Platform modules already initialized, skipping
Refreshing native plugins compatible for Editor in 0.75 ms, found 1 plugins.
Preloading 0 native plugins for Editor in 0.00 ms.
Unloading 1834 Unused Serialized files (Serialized files now loaded: 0)
System memory in use before: 90.4 MB.
System memory in use after: 89.9 MB.

Unloading 20 unused Assets to reduce memory usage. Loaded Objects now: 2331.
Total: 3.239700 ms (FindLiveObjects: 0.270500 ms CreateObjectMapping: 0.069900 ms MarkObjects: 2.449000 ms  DeleteObjects: 0.449300 ms)

========================================================================
Received Import Request.
  Time since last request: 193.308493 seconds.
  path: Assets/Scripts/Shooting.cs
  artifactKey: Guid(ede91885ec7b6b14f8600162c0d94623) Importer(815301076,1909f56bfc062723c751e8b465ee728b)
Start importing Assets/Scripts/Shooting.cs using Guid(ede91885ec7b6b14f8600162c0d94623) Importer(815301076,1909f56bfc062723c751e8b465ee728b)  -> (artifact id: 'e801f1abb566e4312e641bf8861b0174') in 0.008039 seconds
  Import took 0.012590 seconds .

========================================================================
Received Prepare
Registering precompiled user dll's ...
Registered in 0.001759 seconds.
Begin MonoManager ReloadAssembly
Native extension for WindowsStandalone target not found
Native extension for OSXStandalone target not found
Native extension for WebGL target not found
Refreshing native plugins compatible for Editor in 0.44 ms, found 1 plugins.
Preloading 0 native plugins for Editor in 0.00 ms.
Invoked RoslynAnalysisRunner static constructor.
RoslynAnalysisRunner will not be running.
RoslynAnalysisRunner has terminated.
Mono: successfully reloaded assembly
- Completed reload, in  0.849 seconds
Platform modules already initialized, skipping
Refreshing native plugins compatible for Editor in 0.45 ms, found 1 plugins.
Preloading 0 native plugins for Editor in 0.00 ms.
Unloading 1834 Unused Serialized files (Serialized files now loaded: 0)
System memory in use before: 90.5 MB.
System memory in use after: 90.0 MB.

Unloading 20 unused Assets to reduce memory usage. Loaded Objects now: 2334.
Total: 2.839600 ms (FindLiveObjects: 0.377100 ms CreateObjectMapping: 0.086400 ms MarkObjects: 1.993400 ms  DeleteObjects: 0.381500 ms)

========================================================================
Received Prepare
Registering precompiled user dll's ...
Registered in 0.001876 seconds.
Begin MonoManager ReloadAssembly
Native extension for WindowsStandalone target not found
Native extension for OSXStandalone target not found
Native extension for WebGL target not found
Refreshing native plugins compatible for Editor in 0.42 ms, found 1 plugins.
Preloading 0 native plugins for Editor in 0.00 ms.
Invoked RoslynAnalysisRunner static constructor.
RoslynAnalysisRunner will not be running.
RoslynAnalysisRunner has terminated.
Mono: successfully reloaded assembly
- Completed reload, in  0.817 seconds
Platform modules already initialized, skipping
Refreshing native plugins compatible for Editor in 0.66 ms, found 1 plugins.
Preloading 0 native plugins for Editor in 0.00 ms.
Unloading 1834 Unused Serialized files (Serialized files now loaded: 0)
System memory in use before: 90.6 MB.
System memory in use after: 90.1 MB.

Unloading 20 unused Assets to reduce memory usage. Loaded Objects now: 2337.
Total: 3.278900 ms (FindLiveObjects: 0.382100 ms CreateObjectMapping: 0.134300 ms MarkObjects: 2.382000 ms  DeleteObjects: 0.378600 ms)

========================================================================
Received Prepare
Registering precompiled user dll's ...
Registered in 0.001902 seconds.
Begin MonoManager ReloadAssembly
Native extension for WindowsStandalone target not found
Native extension for OSXStandalone target not found
Native extension for WebGL target not found
Refreshing native plugins compatible for Editor in 0.43 ms, found 1 plugins.
Preloading 0 native plugins for Editor in 0.00 ms.
Invoked RoslynAnalysisRunner static constructor.
RoslynAnalysisRunner will not be running.
RoslynAnalysisRunner has terminated.
Mono: successfully reloaded assembly
- Completed reload, in  0.857 seconds
Platform modules already initialized, skipping
Refreshing native plugins compatible for Editor in 0.66 ms, found 1 plugins.
Preloading 0 native plugins for Editor in 0.00 ms.
Unloading 1834 Unused Serialized files (Serialized files now loaded: 0)
System memory in use before: 90.7 MB.
System memory in use after: 90.2 MB.

Unloading 20 unused Assets to reduce memory usage. Loaded Objects now: 2340.
Total: 3.768700 ms (FindLiveObjects: 0.259300 ms CreateObjectMapping: 0.048000 ms MarkObjects: 2.978000 ms  DeleteObjects: 0.481900 ms)

========================================================================
Received Import Request.
  Time since last request: 881.919002 seconds.
  path: Assets/Scripts/Shooting.cs
  artifactKey: Guid(ede91885ec7b6b14f8600162c0d94623) Importer(815301076,1909f56bfc062723c751e8b465ee728b)
Start importing Assets/Scripts/Shooting.cs using Guid(ede91885ec7b6b14f8600162c0d94623) Importer(815301076,1909f56bfc062723c751e8b465ee728b)  -> (artifact id: '477cfd7721b2fa19be2791aeb0aeae76') in 0.008350 seconds
  Import took 0.012931 seconds .

========================================================================
Received Prepare
Registering precompiled user dll's ...
Registered in 0.001891 seconds.
Begin MonoManager ReloadAssembly
Native extension for WindowsStandalone target not found
Native extension for OSXStandalone target not found
Native extension for WebGL target not found
Refreshing native plugins compatible for Editor in 0.43 ms, found 1 plugins.
Preloading 0 native plugins for Editor in 0.00 ms.
Invoked RoslynAnalysisRunner static constructor.
RoslynAnalysisRunner will not be running.
RoslynAnalysisRunner has terminated.
Mono: successfully reloaded assembly
- Completed reload, in  0.859 seconds
Platform modules already initialized, skipping
Refreshing native plugins compatible for Editor in 1.01 ms, found 1 plugins.
Preloading 0 native plugins for Editor in 0.00 ms.
Unloading 1834 Unused Serialized files (Serialized files now loaded: 0)
System memory in use before: 90.8 MB.
System memory in use after: 90.3 MB.

Unloading 20 unused Assets to reduce memory usage. Loaded Objects now: 2343.
Total: 3.110800 ms (FindLiveObjects: 0.416600 ms CreateObjectMapping: 0.173400 ms MarkObjects: 2.146400 ms  DeleteObjects: 0.373100 ms)

========================================================================
Received Import Request.
  Time since last request: 124.400226 seconds.
  path: Assets/Scripts/Shooting.cs
  artifactKey: Guid(ede91885ec7b6b14f8600162c0d94623) Importer(815301076,1909f56bfc062723c751e8b465ee728b)
Start importing Assets/Scripts/Shooting.cs using Guid(ede91885ec7b6b14f8600162c0d94623) Importer(815301076,1909f56bfc062723c751e8b465ee728b)  -> (artifact id: '8acc574d48723b2d1c4e4ab70c806bd3') in 0.010787 seconds
  Import took 0.016102 seconds .

========================================================================
Received Prepare
Registering precompiled user dll's ...
Registered in 0.001849 seconds.
Begin MonoManager ReloadAssembly
Native extension for WindowsStandalone target not found
Native extension for OSXStandalone target not found
Native extension for WebGL target not found
Refreshing native plugins compatible for Editor in 0.41 ms, found 1 plugins.
Preloading 0 native plugins for Editor in 0.00 ms.
Invoked RoslynAnalysisRunner static constructor.
RoslynAnalysisRunner will not be running.
RoslynAnalysisRunner has terminated.
Mono: successfully reloaded assembly
- Completed reload, in  0.827 seconds
Platform modules already initialized, skipping
Refreshing native plugins compatible for Editor in 0.62 ms, found 1 plugins.
Preloading 0 native plugins for Editor in 0.00 ms.
Unloading 1834 Unused Serialized files (Serialized files now loaded: 0)
System memory in use before: 90.9 MB.
System memory in use after: 90.4 MB.

Unloading 20 unused Assets to reduce memory usage. Loaded Objects now: 2346.
Total: 2.826800 ms (FindLiveObjects: 0.283800 ms CreateObjectMapping: 0.076900 ms MarkObjects: 2.118300 ms  DeleteObjects: 0.346600 ms)

========================================================================
Received Import Request.
  Time since last request: 21.582671 seconds.
  path: Assets/Scripts/Shooting.cs
  artifactKey: Guid(ede91885ec7b6b14f8600162c0d94623) Importer(815301076,1909f56bfc062723c751e8b465ee728b)
Start importing Assets/Scripts/Shooting.cs using Guid(ede91885ec7b6b14f8600162c0d94623) Importer(815301076,1909f56bfc062723c751e8b465ee728b)  -> (artifact id: '53a7560521710dec57437d0b5b55ca67') in 0.013747 seconds
  Import took 0.021968 seconds .

========================================================================
Received Prepare
Registering precompiled user dll's ...
Registered in 0.001760 seconds.
Begin MonoManager ReloadAssembly
Native extension for WindowsStandalone target not found
Native extension for OSXStandalone target not found
Native extension for WebGL target not found
Refreshing native plugins compatible for Editor in 0.41 ms, found 1 plugins.
Preloading 0 native plugins for Editor in 0.00 ms.
Invoked RoslynAnalysisRunner static constructor.
RoslynAnalysisRunner will not be running.
RoslynAnalysisRunner has terminated.
Mono: successfully reloaded assembly
- Completed reload, in  0.894 seconds
Platform modules already initialized, skipping
Refreshing native plugins compatible for Editor in 0.62 ms, found 1 plugins.
Preloading 0 native plugins for Editor in 0.00 ms.
Unloading 1834 Unused Serialized files (Serialized files now loaded: 0)
System memory in use before: 90.9 MB.
System memory in use after: 90.5 MB.

Unloading 20 unused Assets to reduce memory usage. Loaded Objects now: 2349.
Total: 2.724400 ms (FindLiveObjects: 0.229000 ms CreateObjectMapping: 0.043600 ms MarkObjects: 2.055300 ms  DeleteObjects: 0.395600 ms)

========================================================================
Received Import Request.
  Time since last request: 28.647295 seconds.
  path: Assets/Scripts/Shooting.cs
  artifactKey: Guid(ede91885ec7b6b14f8600162c0d94623) Importer(815301076,1909f56bfc062723c751e8b465ee728b)
Start importing Assets/Scripts/Shooting.cs using Guid(ede91885ec7b6b14f8600162c0d94623) Importer(815301076,1909f56bfc062723c751e8b465ee728b)  -> (artifact id: '2218a44e29a758f65b684f8e1ae02ec3') in 0.010106 seconds
  Import took 0.015865 seconds .

========================================================================
Received Prepare
Registering precompiled user dll's ...
Registered in 0.001961 seconds.
Begin MonoManager ReloadAssembly
Native extension for WindowsStandalone target not found
Native extension for OSXStandalone target not found
Native extension for WebGL target not found
Refreshing native plugins compatible for Editor in 0.43 ms, found 1 plugins.
Preloading 0 native plugins for Editor in 0.00 ms.
Invoked RoslynAnalysisRunner static constructor.
RoslynAnalysisRunner will not be running.
RoslynAnalysisRunner has terminated.
Mono: successfully reloaded assembly
- Completed reload, in  0.844 seconds
Platform modules already initialized, skipping
Refreshing native plugins compatible for Editor in 0.49 ms, found 1 plugins.
Preloading 0 native plugins for Editor in 0.00 ms.
Unloading 1834 Unused Serialized files (Serialized files now loaded: 0)
System memory in use before: 91.0 MB.
System memory in use after: 90.6 MB.

Unloading 20 unused Assets to reduce memory usage. Loaded Objects now: 2352.
Total: 4.899800 ms (FindLiveObjects: 0.295400 ms CreateObjectMapping: 0.054500 ms MarkObjects: 3.719200 ms  DeleteObjects: 0.829100 ms)

========================================================================
Received Prepare
Registering precompiled user dll's ...
Registered in 0.001934 seconds.
Begin MonoManager ReloadAssembly
Native extension for WindowsStandalone target not found
Native extension for OSXStandalone target not found
Native extension for WebGL target not found
Refreshing native plugins compatible for Editor in 0.43 ms, found 1 plugins.
Preloading 0 native plugins for Editor in 0.00 ms.
Invoked RoslynAnalysisRunner static constructor.
RoslynAnalysisRunner will not be running.
RoslynAnalysisRunner has terminated.
Mono: successfully reloaded assembly
- Completed reload, in  0.807 seconds
Platform modules already initialized, skipping
Refreshing native plugins compatible for Editor in 0.69 ms, found 1 plugins.
Preloading 0 native plugins for Editor in 0.00 ms.
Unloading 1834 Unused Serialized files (Serialized files now loaded: 0)
System memory in use before: 91.1 MB.
System memory in use after: 90.7 MB.

Unloading 20 unused Assets to reduce memory usage. Loaded Objects now: 2355.
Total: 4.430000 ms (FindLiveObjects: 0.261800 ms CreateObjectMapping: 0.051400 ms MarkObjects: 3.468700 ms  DeleteObjects: 0.646800 ms)

========================================================================
Received Prepare
Registering precompiled user dll's ...
Registered in 0.001890 seconds.
Begin MonoManager ReloadAssembly
Native extension for WindowsStandalone target not found
Native extension for OSXStandalone target not found
Native extension for WebGL target not found
Refreshing native plugins compatible for Editor in 0.41 ms, found 1 plugins.
Preloading 0 native plugins for Editor in 0.00 ms.
Invoked RoslynAnalysisRunner static constructor.
RoslynAnalysisRunner will not be running.
RoslynAnalysisRunner has terminated.
Mono: successfully reloaded assembly
- Completed reload, in  0.852 seconds
Platform modules already initialized, skipping
Refreshing native plugins compatible for Editor in 1.00 ms, found 1 plugins.
Preloading 0 native plugins for Editor in 0.00 ms.
Unloading 1834 Unused Serialized files (Serialized files now loaded: 0)
System memory in use before: 91.2 MB.
System memory in use after: 90.8 MB.

Unloading 20 unused Assets to reduce memory usage. Loaded Objects now: 2358.
Total: 2.936500 ms (FindLiveObjects: 0.278400 ms CreateObjectMapping: 0.055300 ms MarkObjects: 2.213000 ms  DeleteObjects: 0.388800 ms)

========================================================================
Received Prepare
Registering precompiled user dll's ...
Registered in 0.001843 seconds.
Begin MonoManager ReloadAssembly
Native extension for WindowsStandalone target not found
Native extension for OSXStandalone target not found
Native extension for WebGL target not found
Refreshing native plugins compatible for Editor in 0.42 ms, found 1 plugins.
Preloading 0 native plugins for Editor in 0.00 ms.
Invoked RoslynAnalysisRunner static constructor.
RoslynAnalysisRunner will not be running.
RoslynAnalysisRunner has terminated.
Mono: successfully reloaded assembly
- Completed reload, in  0.870 seconds
Platform modules already initialized, skipping
Refreshing native plugins compatible for Editor in 0.45 ms, found 1 plugins.
Preloading 0 native plugins for Editor in 0.00 ms.
Unloading 1834 Unused Serialized files (Serialized files now loaded: 0)
System memory in use before: 91.3 MB.
System memory in use after: 90.9 MB.

Unloading 20 unused Assets to reduce memory usage. Loaded Objects now: 2361.
Total: 2.877600 ms (FindLiveObjects: 0.258300 ms CreateObjectMapping: 0.055100 ms MarkObjects: 2.193300 ms  DeleteObjects: 0.369700 ms)

========================================================================
Received Prepare
Registering precompiled user dll's ...
Registered in 0.001760 seconds.
Begin MonoManager ReloadAssembly
Native extension for WindowsStandalone target not found
Native extension for OSXStandalone target not found
Native extension for WebGL target not found
Refreshing native plugins compatible for Editor in 0.43 ms, found 1 plugins.
Preloading 0 native plugins for Editor in 0.00 ms.
Invoked RoslynAnalysisRunner static constructor.
RoslynAnalysisRunner will not be running.
RoslynAnalysisRunner has terminated.
Mono: successfully reloaded assembly
- Completed reload, in  0.818 seconds
Platform modules already initialized, skipping
Refreshing native plugins compatible for Editor in 0.43 ms, found 1 plugins.
Preloading 0 native plugins for Editor in 0.00 ms.
Unloading 1834 Unused Serialized files (Serialized files now loaded: 0)
System memory in use before: 91.4 MB.
System memory in use after: 91.0 MB.

Unloading 20 unused Assets to reduce memory usage. Loaded Objects now: 2364.
Total: 5.033100 ms (FindLiveObjects: 0.360600 ms CreateObjectMapping: 0.077100 ms MarkObjects: 3.954400 ms  DeleteObjects: 0.639900 ms)

========================================================================
Received Prepare
Registering precompiled user dll's ...
Registered in 0.001713 seconds.
Begin MonoManager ReloadAssembly
Native extension for WindowsStandalone target not found
Native extension for OSXStandalone target not found
Native extension for WebGL target not found
Refreshing native plugins compatible for Editor in 0.44 ms, found 1 plugins.
Preloading 0 native plugins for Editor in 0.00 ms.
Invoked RoslynAnalysisRunner static constructor.
RoslynAnalysisRunner will not be running.
RoslynAnalysisRunner has terminated.
Mono: successfully reloaded assembly
- Completed reload, in  0.826 seconds
Platform modules already initialized, skipping
Refreshing native plugins compatible for Editor in 0.69 ms, found 1 plugins.
Preloading 0 native plugins for Editor in 0.00 ms.
Unloading 1834 Unused Serialized files (Serialized files now loaded: 0)
System memory in use before: 91.5 MB.
System memory in use after: 91.0 MB.

Unloading 20 unused Assets to reduce memory usage. Loaded Objects now: 2367.
Total: 2.643400 ms (FindLiveObjects: 0.246400 ms CreateObjectMapping: 0.052200 ms MarkObjects: 1.959600 ms  DeleteObjects: 0.384100 ms)

========================================================================
Received Prepare
Registering precompiled user dll's ...
Registered in 0.001857 seconds.
Begin MonoManager ReloadAssembly
Native extension for WindowsStandalone target not found
Native extension for OSXStandalone target not found
Native extension for WebGL target not found
Refreshing native plugins compatible for Editor in 0.43 ms, found 1 plugins.
Preloading 0 native plugins for Editor in 0.00 ms.
Invoked RoslynAnalysisRunner static constructor.
RoslynAnalysisRunner will not be running.
RoslynAnalysisRunner has terminated.
Mono: successfully reloaded assembly
- Completed reload, in  0.830 seconds
Platform modules already initialized, skipping
Refreshing native plugins compatible for Editor in 0.85 ms, found 1 plugins.
Preloading 0 native plugins for Editor in 0.00 ms.
Unloading 1834 Unused Serialized files (Serialized files now loaded: 0)
System memory in use before: 91.6 MB.
System memory in use after: 91.1 MB.

Unloading 20 unused Assets to reduce memory usage. Loaded Objects now: 2370.
Total: 2.973300 ms (FindLiveObjects: 0.289700 ms CreateObjectMapping: 0.065000 ms MarkObjects: 2.249100 ms  DeleteObjects: 0.368100 ms)

========================================================================
Received Prepare
Registering precompiled user dll's ...
Registered in 0.001813 seconds.
Begin MonoManager ReloadAssembly
Native extension for WindowsStandalone target not found
Native extension for OSXStandalone target not found
Native extension for WebGL target not found
Refreshing native plugins compatible for Editor in 0.43 ms, found 1 plugins.
Preloading 0 native plugins for Editor in 0.00 ms.
Invoked RoslynAnalysisRunner static constructor.
RoslynAnalysisRunner will not be running.
RoslynAnalysisRunner has terminated.
Mono: successfully reloaded assembly
- Completed reload, in  0.872 seconds
Platform modules already initialized, skipping
Refreshing native plugins compatible for Editor in 0.47 ms, found 1 plugins.
Preloading 0 native plugins for Editor in 0.00 ms.
Unloading 1834 Unused Serialized files (Serialized files now loaded: 0)
System memory in use before: 91.7 MB.
System memory in use after: 91.2 MB.

Unloading 20 unused Assets to reduce memory usage. Loaded Objects now: 2373.
Total: 4.419400 ms (FindLiveObjects: 0.326500 ms CreateObjectMapping: 0.138000 ms MarkObjects: 3.329300 ms  DeleteObjects: 0.623900 ms)

========================================================================
Received Prepare
Registering precompiled user dll's ...
Registered in 0.001934 seconds.
Begin MonoManager ReloadAssembly
Native extension for WindowsStandalone target not found
Native extension for OSXStandalone target not found
Native extension for WebGL target not found
Refreshing native plugins compatible for Editor in 0.44 ms, found 1 plugins.
Preloading 0 native plugins for Editor in 0.00 ms.
Invoked RoslynAnalysisRunner static constructor.
RoslynAnalysisRunner will not be running.
RoslynAnalysisRunner has terminated.
Mono: successfully reloaded assembly
- Completed reload, in  0.829 seconds
Platform modules already initialized, skipping
Refreshing native plugins compatible for Editor in 0.44 ms, found 1 plugins.
Preloading 0 native plugins for Editor in 0.00 ms.
Unloading 1834 Unused Serialized files (Serialized files now loaded: 0)
System memory in use before: 91.8 MB.
System memory in use after: 91.3 MB.

Unloading 20 unused Assets to reduce memory usage. Loaded Objects now: 2376.
Total: 4.520800 ms (FindLiveObjects: 0.257000 ms CreateObjectMapping: 0.046600 ms MarkObjects: 3.566600 ms  DeleteObjects: 0.649300 ms)

========================================================================
Received Prepare
Registering precompiled user dll's ...
Registered in 0.001847 seconds.
Begin MonoManager ReloadAssembly
Native extension for WindowsStandalone target not found
Native extension for OSXStandalone target not found
Native extension for WebGL target not found
Refreshing native plugins compatible for Editor in 0.43 ms, found 1 plugins.
Preloading 0 native plugins for Editor in 0.00 ms.
Invoked RoslynAnalysisRunner static constructor.
RoslynAnalysisRunner will not be running.
RoslynAnalysisRunner has terminated.
Mono: successfully reloaded assembly
- Completed reload, in  0.798 seconds
Platform modules already initialized, skipping
Refreshing native plugins compatible for Editor in 0.82 ms, found 1 plugins.
Preloading 0 native plugins for Editor in 0.00 ms.
Unloading 1834 Unused Serialized files (Serialized files now loaded: 0)
System memory in use before: 91.9 MB.
System memory in use after: 91.4 MB.

Unloading 20 unused Assets to reduce memory usage. Loaded Objects now: 2379.
Total: 3.682400 ms (FindLiveObjects: 0.334000 ms CreateObjectMapping: 0.113500 ms MarkObjects: 2.717100 ms  DeleteObjects: 0.515800 ms)

========================================================================
Received Prepare
Registering precompiled user dll's ...
Registered in 0.001823 seconds.
Begin MonoManager ReloadAssembly
Native extension for WindowsStandalone target not found
Native extension for OSXStandalone target not found
Native extension for WebGL target not found
Refreshing native plugins compatible for Editor in 0.44 ms, found 1 plugins.
Preloading 0 native plugins for Editor in 0.00 ms.
Invoked RoslynAnalysisRunner static constructor.
RoslynAnalysisRunner will not be running.
RoslynAnalysisRunner has terminated.
Mono: successfully reloaded assembly
- Completed reload, in  0.870 seconds
Platform modules already initialized, skipping
Refreshing native plugins compatible for Editor in 0.43 ms, found 1 plugins.
Preloading 0 native plugins for Editor in 0.00 ms.
Unloading 1834 Unused Serialized files (Serialized files now loaded: 0)
System memory in use before: 92.0 MB.
System memory in use after: 91.5 MB.

Unloading 20 unused Assets to reduce memory usage. Loaded Objects now: 2382.
Total: 5.811700 ms (FindLiveObjects: 0.367800 ms CreateObjectMapping: 0.151400 ms MarkObjects: 4.589500 ms  DeleteObjects: 0.701400 ms)

========================================================================
Received Import Request.
  Time since last request: 1247.490261 seconds.
  path: Assets/Prefabs/Bullet.prefab
  artifactKey: Guid(6eec6183cb9eb3d498a0cec01c66d614) Importer(815301076,1909f56bfc062723c751e8b465ee728b)
Start importing Assets/Prefabs/Bullet.prefab using Guid(6eec6183cb9eb3d498a0cec01c66d614) Importer(815301076,1909f56bfc062723c751e8b465ee728b)  -> (artifact id: '8ea7f00a108c6333a431b812dc774fcf') in 0.068659 seconds
  Import took 0.074755 seconds .

========================================================================
Received Import Request.
  Time since last request: 9.815812 seconds.
  path: Assets/Scripts/Shooting.cs
  artifactKey: Guid(ede91885ec7b6b14f8600162c0d94623) Importer(815301076,1909f56bfc062723c751e8b465ee728b)
Start importing Assets/Scripts/Shooting.cs using Guid(ede91885ec7b6b14f8600162c0d94623) Importer(815301076,1909f56bfc062723c751e8b465ee728b)  -> (artifact id: '57cdcef0200da922ed5592ffe4998283') in 0.004135 seconds
  Import took 0.008151 seconds .

========================================================================
Received Import Request.
  Time since last request: 27.940251 seconds.
  path: Assets/Scripts/MoveUp.cs
  artifactKey: Guid(52958c9a06c64634b87bef1918514074) Importer(815301076,1909f56bfc062723c751e8b465ee728b)
Start importing Assets/Scripts/MoveUp.cs using Guid(52958c9a06c64634b87bef1918514074) Importer(815301076,1909f56bfc062723c751e8b465ee728b)  -> (artifact id: 'a7f8c3a0ddd2c7e6e0e3aa52c57a3d38') in 0.011566 seconds
  Import took 0.016048 seconds .

========================================================================
Received Prepare
Registering precompiled user dll's ...
Registered in 0.001525 seconds.
Begin MonoManager ReloadAssembly
Native extension for WindowsStandalone target not found
Native extension for OSXStandalone target not found
Native extension for WebGL target not found
Refreshing native plugins compatible for Editor in 0.46 ms, found 1 plugins.
Preloading 0 native plugins for Editor in 0.00 ms.
Invoked RoslynAnalysisRunner static constructor.
RoslynAnalysisRunner will not be running.
RoslynAnalysisRunner has terminated.
Mono: successfully reloaded assembly
- Completed reload, in  0.787 seconds
Platform modules already initialized, skipping
Refreshing native plugins compatible for Editor in 0.48 ms, found 1 plugins.
Preloading 0 native plugins for Editor in 0.00 ms.
Unloading 1835 Unused Serialized files (Serialized files now loaded: 0)
System memory in use before: 92.1 MB.
System memory in use after: 91.6 MB.

Unloading 20 unused Assets to reduce memory usage. Loaded Objects now: 2387.
Total: 4.910100 ms (FindLiveObjects: 0.384200 ms CreateObjectMapping: 0.082400 ms MarkObjects: 3.761600 ms  DeleteObjects: 0.679300 ms)

========================================================================
Received Prepare
Registering precompiled user dll's ...
Registered in 0.001793 seconds.
Begin MonoManager ReloadAssembly
Native extension for WindowsStandalone target not found
Native extension for OSXStandalone target not found
Native extension for WebGL target not found
Refreshing native plugins compatible for Editor in 0.46 ms, found 1 plugins.
Preloading 0 native plugins for Editor in 0.00 ms.
Invoked RoslynAnalysisRunner static constructor.
RoslynAnalysisRunner will not be running.
RoslynAnalysisRunner has terminated.
Mono: successfully reloaded assembly
- Completed reload, in  0.875 seconds
Platform modules already initialized, skipping
Refreshing native plugins compatible for Editor in 0.67 ms, found 1 plugins.
Preloading 0 native plugins for Editor in 0.00 ms.
Unloading 1835 Unused Serialized files (Serialized files now loaded: 0)
System memory in use before: 91.2 MB.
System memory in use after: 90.8 MB.

Unloading 20 unused Assets to reduce memory usage. Loaded Objects now: 2390.
Total: 4.076200 ms (FindLiveObjects: 0.241300 ms CreateObjectMapping: 0.054500 ms MarkObjects: 3.257300 ms  DeleteObjects: 0.521800 ms)

========================================================================
Received Import Request.
  Time since last request: 258.389595 seconds.
  path: Assets/Scripts/MoveUp.cs
  artifactKey: Guid(52958c9a06c64634b87bef1918514074) Importer(815301076,1909f56bfc062723c751e8b465ee728b)
Start importing Assets/Scripts/MoveUp.cs using Guid(52958c9a06c64634b87bef1918514074) Importer(815301076,1909f56bfc062723c751e8b465ee728b)  -> (artifact id: '08469d2fa404417f43b62b2320911b51') in 0.007756 seconds
  Import took 0.012967 seconds .

========================================================================
Received Import Request.
  Time since last request: 10.951773 seconds.
  path: Assets/Prefabs/Bullet.prefab
  artifactKey: Guid(6eec6183cb9eb3d498a0cec01c66d614) Importer(815301076,1909f56bfc062723c751e8b465ee728b)
Start importing Assets/Prefabs/Bullet.prefab using Guid(6eec6183cb9eb3d498a0cec01c66d614) Importer(815301076,1909f56bfc062723c751e8b465ee728b)  -> (artifact id: 'c0e4196132a736313ab77f7e6f9e7d16') in 0.069066 seconds
  Import took 0.074851 seconds .

========================================================================
Received Import Request.
  Time since last request: 0.000541 seconds.
  path: Assets/Prefabs/Bullet.prefab
  artifactKey: Guid(6eec6183cb9eb3d498a0cec01c66d614) Importer(815301076,1909f56bfc062723c751e8b465ee728b)
Start importing Assets/Prefabs/Bullet.prefab using Guid(6eec6183cb9eb3d498a0cec01c66d614) Importer(815301076,1909f56bfc062723c751e8b465ee728b)  -> (artifact id: 'c0e4196132a736313ab77f7e6f9e7d16') in 0.018707 seconds
  Import took 0.021856 seconds .

========================================================================
Received Prepare
Registering precompiled user dll's ...
Registered in 0.001755 seconds.
Begin MonoManager ReloadAssembly
Native extension for WindowsStandalone target not found
Native extension for OSXStandalone target not found
Native extension for WebGL target not found
Refreshing native plugins compatible for Editor in 0.42 ms, found 1 plugins.
Preloading 0 native plugins for Editor in 0.00 ms.
Invoked RoslynAnalysisRunner static constructor.
RoslynAnalysisRunner will not be running.
RoslynAnalysisRunner has terminated.
Mono: successfully reloaded assembly
- Completed reload, in  0.811 seconds
Platform modules already initialized, skipping
Refreshing native plugins compatible for Editor in 0.73 ms, found 1 plugins.
Preloading 0 native plugins for Editor in 0.00 ms.
Unloading 1835 Unused Serialized files (Serialized files now loaded: 0)
System memory in use before: 91.3 MB.
System memory in use after: 90.9 MB.

Unloading 20 unused Assets to reduce memory usage. Loaded Objects now: 2394.
Total: 2.966200 ms (FindLiveObjects: 0.321500 ms CreateObjectMapping: 0.114700 ms MarkObjects: 2.112700 ms  DeleteObjects: 0.415900 ms)

========================================================================
Received Prepare
Registering precompiled user dll's ...
Registered in 0.001770 seconds.
Begin MonoManager ReloadAssembly
Native extension for WindowsStandalone target not found
Native extension for OSXStandalone target not found
Native extension for WebGL target not found
Refreshing native plugins compatible for Editor in 0.42 ms, found 1 plugins.
Preloading 0 native plugins for Editor in 0.00 ms.
Invoked RoslynAnalysisRunner static constructor.
RoslynAnalysisRunner will not be running.
RoslynAnalysisRunner has terminated.
Mono: successfully reloaded assembly
- Completed reload, in  0.870 seconds
Platform modules already initialized, skipping
Refreshing native plugins compatible for Editor in 0.66 ms, found 1 plugins.
Preloading 0 native plugins for Editor in 0.00 ms.
Unloading 1835 Unused Serialized files (Serialized files now loaded: 0)
System memory in use before: 91.4 MB.
System memory in use after: 90.9 MB.

Unloading 20 unused Assets to reduce memory usage. Loaded Objects now: 2397.
Total: 2.911700 ms (FindLiveObjects: 0.307100 ms CreateObjectMapping: 0.062900 ms MarkObjects: 2.186300 ms  DeleteObjects: 0.354100 ms)

========================================================================
Received Prepare
Registering precompiled user dll's ...
Registered in 0.001768 seconds.
Begin MonoManager ReloadAssembly
Native extension for WindowsStandalone target not found
Native extension for OSXStandalone target not found
Native extension for WebGL target not found
Refreshing native plugins compatible for Editor in 0.46 ms, found 1 plugins.
Preloading 0 native plugins for Editor in 0.00 ms.
Invoked RoslynAnalysisRunner static constructor.
RoslynAnalysisRunner will not be running.
RoslynAnalysisRunner has terminated.
Mono: successfully reloaded assembly
- Completed reload, in  0.871 seconds
Platform modules already initialized, skipping
Refreshing native plugins compatible for Editor in 0.48 ms, found 1 plugins.
Preloading 0 native plugins for Editor in 0.00 ms.
Unloading 1835 Unused Serialized files (Serialized files now loaded: 0)
System memory in use before: 91.5 MB.
System memory in use after: 91.0 MB.

Unloading 20 unused Assets to reduce memory usage. Loaded Objects now: 2400.
Total: 3.796300 ms (FindLiveObjects: 0.325200 ms CreateObjectMapping: 0.053700 ms MarkObjects: 2.905400 ms  DeleteObjects: 0.510500 ms)

========================================================================
Received Prepare
Registering precompiled user dll's ...
Registered in 0.001947 seconds.
Begin MonoManager ReloadAssembly
Native extension for WindowsStandalone target not found
Native extension for OSXStandalone target not found
Native extension for WebGL target not found
Refreshing native plugins compatible for Editor in 0.43 ms, found 1 plugins.
Preloading 0 native plugins for Editor in 0.00 ms.
Invoked RoslynAnalysisRunner static constructor.
RoslynAnalysisRunner will not be running.
RoslynAnalysisRunner has terminated.
Mono: successfully reloaded assembly
- Completed reload, in  0.812 seconds
Platform modules already initialized, skipping
Refreshing native plugins compatible for Editor in 0.67 ms, found 1 plugins.
Preloading 0 native plugins for Editor in 0.00 ms.
Unloading 1835 Unused Serialized files (Serialized files now loaded: 0)
System memory in use before: 91.6 MB.
System memory in use after: 91.1 MB.

Unloading 20 unused Assets to reduce memory usage. Loaded Objects now: 2403.
Total: 2.811500 ms (FindLiveObjects: 0.262500 ms CreateObjectMapping: 0.046700 ms MarkObjects: 2.146600 ms  DeleteObjects: 0.355100 ms)

