Using pre-set license
Built from '2020.2/release' branch; Version is '2020.2.2f1 (068178b99f32) revision 426360'; Using compiler version '192528614'; Build Type 'Release'
OS: 'Windows 10 Home; OS build 19042.1288; Version 2009; 64bit' Language: 'en' Physical Memory: 8069 MB
BatchMode: 1, IsHumanControllingUs: 0, StartBugReporterOnCrash: 0, Is64bit: 1, IsPro: 0

 COMMAND LINE ARGUMENTS:
C:\Program Files\Unity\Hub\Editor\2020.2.2f1\Editor\Unity.exe
-adb2
-batchMode
-noUpm
-name
AssetImportWorker0
-projectPath
C:/Users/acer/Documents/GitHub/BOSS-BATTLE
-logFile
Logs/AssetImportWorker0.log
-srvPort
60124
Successfully changed project path to: C:/Users/acer/Documents/GitHub/BOSS-BATTLE
C:/Users/acer/Documents/GitHub/BOSS-BATTLE
Using Asset Import Pipeline V2.
Refreshing native plugins compatible for Editor in 89.99 ms, found 1 plugins.
Preloading 0 native plugins for Editor in 0.00 ms.
Initialize engine version: 2020.2.2f1 (068178b99f32)
[Subsystems] Discovering subsystems at path C:/Program Files/Unity/Hub/Editor/2020.2.2f1/Editor/Data/Resources/UnitySubsystems
[Subsystems] Discovering subsystems at path C:/Users/acer/Documents/GitHub/BOSS-BATTLE/Assets
GfxDevice: creating device client; threaded=0
Direct3D:
    Version:  Direct3D 11.0 [level 11.1]
    Renderer: NVIDIA GeForce MX150 (ID=0x1d10)
    Vendor:   
    VRAM:     1983 MB
    Driver:   26.21.14.4223
Initialize mono
Mono path[0] = 'C:/Program Files/Unity/Hub/Editor/2020.2.2f1/Editor/Data/Managed'
Mono path[1] = 'C:/Program Files/Unity/Hub/Editor/2020.2.2f1/Editor/Data/MonoBleedingEdge/lib/mono/unityjit'
Mono config path = 'C:/Program Files/Unity/Hub/Editor/2020.2.2f1/Editor/Data/MonoBleedingEdge/etc'
Using monoOptions --debugger-agent=transport=dt_socket,embedding=1,server=y,suspend=n,address=127.0.0.1:56844
Begin MonoManager ReloadAssembly
Registering precompiled unity dll's ...
Register platform support module: C:/Program Files/Unity/Hub/Editor/2020.2.2f1/Editor/Data/PlaybackEngines/WindowsStandaloneSupport/UnityEditor.WindowsStandalone.Extensions.dll
Registered in 0.004452 seconds.
Native extension for WindowsStandalone target not found
Refreshing native plugins compatible for Editor in 45.58 ms, found 1 plugins.
Preloading 0 native plugins for Editor in 0.00 ms.
Invoked RoslynAnalysisRunner static constructor.
RoslynAnalysisRunner will not be running.
RoslynAnalysisRunner has terminated.
Mono: successfully reloaded assembly
- Completed reload, in  1.517 seconds
Platform modules already initialized, skipping
Registering precompiled user dll's ...
Registered in 0.001343 seconds.
Begin MonoManager ReloadAssembly
Native extension for WindowsStandalone target not found
Refreshing native plugins compatible for Editor in 45.40 ms, found 1 plugins.
Preloading 0 native plugins for Editor in 0.00 ms.
Invoked RoslynAnalysisRunner static constructor.
RoslynAnalysisRunner will not be running.
RoslynAnalysisRunner has terminated.
Mono: successfully reloaded assembly
- Completed reload, in  1.177 seconds
Platform modules already initialized, skipping
========================================================================
Worker process is ready to serve import requests
Launched and connected shader compiler UnityShaderCompiler.exe after 0.06 seconds
Refreshing native plugins compatible for Editor in 0.44 ms, found 1 plugins.
Preloading 0 native plugins for Editor in 0.00 ms.
Unloading 1796 Unused Serialized files (Serialized files now loaded: 0)
System memory in use before: 84.2 MB.
System memory in use after: 84.3 MB.

Unloading 19 unused Assets to reduce memory usage. Loaded Objects now: 2242.
Total: 4.211800 ms (FindLiveObjects: 0.422300 ms CreateObjectMapping: 0.118600 ms MarkObjects: 3.574700 ms  DeleteObjects: 0.093600 ms)

========================================================================
Received Import Request.
  path: Assets/Scenes
  artifactKey: Guid(14bec18469c9be74987ab44154cd2d6b) Importer(815301076,1909f56bfc062723c751e8b465ee728b)
Start importing Assets/Scenes using Guid(14bec18469c9be74987ab44154cd2d6b) Importer(815301076,1909f56bfc062723c751e8b465ee728b)  -> (artifact id: '5e1c4b5c8438955773658136f2ed1baf') in 0.012181 seconds
  Import took 0.016279 seconds .

========================================================================
Received Import Request.
  Time since last request: 0.000672 seconds.
  path: Assets/Scenes/Arena.unity
  artifactKey: Guid(2cda990e2423bbf4892e6590ba056729) Importer(815301076,1909f56bfc062723c751e8b465ee728b)
Start importing Assets/Scenes/Arena.unity using Guid(2cda990e2423bbf4892e6590ba056729) Importer(815301076,1909f56bfc062723c751e8b465ee728b)  -> (artifact id: '1729e7d710c6000d6778cf1e0287ed5e') in 0.027612 seconds
  Import took 0.032404 seconds .

========================================================================
Received Import Request.
  Time since last request: 2.306632 seconds.
  path: Assets/Scenes/Sol.unity
  artifactKey: Guid(ae34afa6ebb60614e918fa2e1f510948) Importer(815301076,1909f56bfc062723c751e8b465ee728b)
Start importing Assets/Scenes/Sol.unity using Guid(ae34afa6ebb60614e918fa2e1f510948) Importer(815301076,1909f56bfc062723c751e8b465ee728b)  -> (artifact id: '291a5ed0aa2d3c4c5370be8fb78b4d95') in 0.017330 seconds
  Import took 0.021789 seconds .

AssetImportWorkerClient::OnTransportError - code=2 error=End of file
